TN:
SF:src/lib/errors.ts
FN:27,<instance_members_initializer>
FN:31,AppError
FN:43,isAppError
FNF:3
FNH:3
FNDA:5,<instance_members_initializer>
FNDA:5,AppError
FNDA:4,isAppError
DA:27,1
DA:28,5
DA:29,5
DA:31,5
DA:32,5
DA:33,5
DA:34,5
DA:35,5
DA:36,5
DA:37,5
DA:38,5
DA:39,5
DA:40,5
DA:41,5
DA:43,1
DA:44,4
DA:45,4
LF:17
LH:17
BRDA:27,0,0,5
BRDA:31,1,0,5
BRDA:36,2,0,4
BRDA:43,3,0,4
BRF:4
BRH:4
end_of_record
TN:
SF:src/lib/watermark.ts
FNF:0
FNH:0
DA:13,1
DA:14,1
DA:15,1
DA:16,1
DA:17,1
DA:20,1
DA:38,1
LF:7
LH:7
BRF:0
BRH:0
end_of_record
TN:
SF:src/lib/crypto/keys.ts
FN:40,generateDIDKey
FN:59,loadDIDKeyFromHex
FN:87,encodeDidKey
FN:108,deriveWalletAddress
FN:120,signMessage
FN:131,verifySignature
FN:142,bytesToHex
FN:148,hexToBytes
FNF:8
FNH:2
FNDA:0,generateDIDKey
FNDA:0,loadDIDKeyFromHex
FNDA:0,encodeDidKey
FNDA:0,deriveWalletAddress
FNDA:0,signMessage
FNDA:0,verifySignature
FNDA:2,bytesToHex
FNDA:3,hexToBytes
DA:14,1
DA:15,1
DA:16,1
DA:21,1
DA:40,1
DA:41,0
DA:42,0
DA:44,0
DA:45,0
DA:47,0
DA:48,0
DA:49,0
DA:50,0
DA:51,0
DA:52,0
DA:53,0
DA:59,1
DA:60,0
DA:61,0
DA:63,0
DA:64,0
DA:66,0
DA:67,0
DA:68,0
DA:69,0
DA:70,0
DA:71,0
DA:72,0
DA:87,0
DA:88,0
DA:89,0
DA:90,0
DA:91,0
DA:94,0
DA:96,0
DA:97,0
DA:108,0
DA:109,0
DA:110,0
DA:111,0
DA:112,0
DA:120,1
DA:121,0
DA:122,0
DA:123,0
DA:124,0
DA:125,0
DA:126,0
DA:131,1
DA:132,0
DA:133,0
DA:134,0
DA:135,0
DA:136,0
DA:137,0
DA:138,0
DA:142,1
DA:143,2
DA:144,2
DA:145,2
DA:146,2
DA:148,1
DA:149,3
DA:150,3
DA:151,1
DA:152,1
DA:153,2
DA:154,2
DA:155,8
DA:156,2
DA:157,2
DA:158,2
LF:72
LH:24
BRDA:142,0,0,2
BRDA:144,1,0,7
BRDA:148,2,0,3
BRDA:149,3,0,1
BRDA:149,4,0,2
BRDA:150,5,0,1
BRDA:152,6,0,2
BRDA:154,7,0,8
BRF:8
BRH:8
end_of_record
TN:
SF:src/lib/t3n/credentials.ts
FN:46,buildMedicalCredential
FN:100,issueMedicalVC
FN:151,selectiveDisclose
FNF:3
FNH:1
FNDA:0,buildMedicalCredential
FNDA:0,issueMedicalVC
FNDA:5,selectiveDisclose
DA:21,1
DA:22,1
DA:29,1
DA:30,1
DA:31,1
DA:46,0
DA:47,0
DA:48,0
DA:49,0
DA:50,0
DA:52,0
DA:53,0
DA:54,0
DA:55,0
DA:57,0
DA:58,0
DA:60,0
DA:61,0
DA:63,0
DA:64,0
DA:65,0
DA:67,0
DA:68,0
DA:69,0
DA:70,0
DA:71,0
DA:72,0
DA:73,0
DA:74,0
DA:75,0
DA:76,0
DA:77,0
DA:78,0
DA:79,0
DA:80,0
DA:81,0
DA:89,1
DA:100,0
DA:101,0
DA:102,0
DA:103,0
DA:104,0
DA:105,0
DA:107,0
DA:109,0
DA:110,0
DA:111,0
DA:112,0
DA:113,0
DA:114,0
DA:115,0
DA:116,0
DA:117,0
DA:118,0
DA:119,0
DA:120,0
DA:121,0
DA:122,0
DA:123,0
DA:124,0
DA:125,0
DA:126,0
DA:127,0
DA:129,0
DA:130,0
DA:131,0
DA:132,0
DA:133,0
DA:134,0
DA:135,0
DA:136,0
DA:151,1
DA:152,5
DA:153,5
DA:154,5
DA:155,5
DA:160,5
DA:161,5
DA:162,7
DA:163,7
DA:165,5
DA:167,5
DA:168,5
DA:169,5
DA:170,5
DA:171,5
DA:172,5
DA:173,5
DA:174,5
DA:175,5
DA:176,5
DA:177,5
DA:178,5
DA:179,5
LF:94
LH:29
BRDA:151,0,0,5
BRDA:161,1,0,7
BRDA:165,2,0,7
BRF:3
BRH:3
end_of_record
TN:
SF:src/types/medical.ts
FNF:0
FNH:0
DA:19,1
DA:20,1
DA:21,1
DA:22,1
DA:23,1
DA:24,1
DA:25,1
DA:28,1
DA:29,1
DA:30,1
DA:31,1
DA:32,1
DA:33,1
DA:34,1
LF:14
LH:14
BRF:0
BRH:0
end_of_record
